[2023-11-26T07:40:27.586+0000] {taskinstance.py:1171} INFO - Dependencies all met for <TaskInstance: fetch_clean_elastic.connect manual__2023-11-26T07:40:26.298849+00:00 [queued]>
[2023-11-26T07:40:27.593+0000] {taskinstance.py:1171} INFO - Dependencies all met for <TaskInstance: fetch_clean_elastic.connect manual__2023-11-26T07:40:26.298849+00:00 [queued]>
[2023-11-26T07:40:27.593+0000] {taskinstance.py:1368} INFO - 
--------------------------------------------------------------------------------
[2023-11-26T07:40:27.593+0000] {taskinstance.py:1369} INFO - Starting attempt 1 of 2
[2023-11-26T07:40:27.593+0000] {taskinstance.py:1370} INFO - 
--------------------------------------------------------------------------------
[2023-11-26T07:40:27.599+0000] {taskinstance.py:1389} INFO - Executing <Task(PythonOperator): connect> on 2023-11-26 07:40:26.298849+00:00
[2023-11-26T07:40:27.604+0000] {standard_task_runner.py:52} INFO - Started process 263 to run task
[2023-11-26T07:40:27.607+0000] {standard_task_runner.py:79} INFO - Running: ['***', 'tasks', 'run', 'fetch_clean_elastic', 'connect', 'manual__2023-11-26T07:40:26.298849+00:00', '--job-id', '4', '--raw', '--subdir', 'DAGS_FOLDER/P2M3_Sifra_Siregar_DAG.py', '--cfg-path', '/tmp/tmpt_xqonf2', '--error-file', '/tmp/tmpb0mma__f']
[2023-11-26T07:40:27.608+0000] {standard_task_runner.py:80} INFO - Job 4: Subtask connect
[2023-11-26T07:40:27.640+0000] {task_command.py:371} INFO - Running <TaskInstance: fetch_clean_elastic.connect manual__2023-11-26T07:40:26.298849+00:00 [running]> on host 159ad28653d9
[2023-11-26T07:40:27.672+0000] {taskinstance.py:1583} INFO - Exporting the following env vars:
AIRFLOW_CTX_DAG_OWNER=sifra
AIRFLOW_CTX_DAG_ID=fetch_clean_elastic
AIRFLOW_CTX_TASK_ID=connect
AIRFLOW_CTX_EXECUTION_DATE=2023-11-26T07:40:26.298849+00:00
AIRFLOW_CTX_TRY_NUMBER=1
AIRFLOW_CTX_DAG_RUN_ID=manual__2023-11-26T07:40:26.298849+00:00
[2023-11-26T07:40:28.188+0000] {python.py:173} INFO - Done. Returned value was: None
[2023-11-26T07:40:28.196+0000] {taskinstance.py:1412} INFO - Marking task as SUCCESS. dag_id=fetch_clean_elastic, task_id=connect, execution_date=20231126T074026, start_date=20231126T074027, end_date=20231126T074028
[2023-11-26T07:40:28.235+0000] {local_task_job.py:156} INFO - Task exited with return code 0
[2023-11-26T07:40:28.255+0000] {local_task_job.py:279} INFO - 1 downstream tasks scheduled from follow-on schedule check
