[2023-11-27T08:28:42.199+0000] {taskinstance.py:1171} INFO - Dependencies all met for <TaskInstance: fetch_clean_elastic.connect manual__2023-11-27T08:28:40.792863+00:00 [queued]>
[2023-11-27T08:28:42.203+0000] {taskinstance.py:1171} INFO - Dependencies all met for <TaskInstance: fetch_clean_elastic.connect manual__2023-11-27T08:28:40.792863+00:00 [queued]>
[2023-11-27T08:28:42.203+0000] {taskinstance.py:1368} INFO - 
--------------------------------------------------------------------------------
[2023-11-27T08:28:42.204+0000] {taskinstance.py:1369} INFO - Starting attempt 1 of 2
[2023-11-27T08:28:42.204+0000] {taskinstance.py:1370} INFO - 
--------------------------------------------------------------------------------
[2023-11-27T08:28:42.209+0000] {taskinstance.py:1389} INFO - Executing <Task(PythonOperator): connect> on 2023-11-27 08:28:40.792863+00:00
[2023-11-27T08:28:42.213+0000] {standard_task_runner.py:52} INFO - Started process 356 to run task
[2023-11-27T08:28:42.215+0000] {standard_task_runner.py:79} INFO - Running: ['***', 'tasks', 'run', 'fetch_clean_elastic', 'connect', 'manual__2023-11-27T08:28:40.792863+00:00', '--job-id', '5', '--raw', '--subdir', 'DAGS_FOLDER/P2M3_Sifra_Siregar_DAG.py', '--cfg-path', '/tmp/tmpjy_34re_', '--error-file', '/tmp/tmpp29kb44t']
[2023-11-27T08:28:42.216+0000] {standard_task_runner.py:80} INFO - Job 5: Subtask connect
[2023-11-27T08:28:42.270+0000] {task_command.py:371} INFO - Running <TaskInstance: fetch_clean_elastic.connect manual__2023-11-27T08:28:40.792863+00:00 [running]> on host 35c13dd7183d
[2023-11-27T08:28:42.329+0000] {taskinstance.py:1583} INFO - Exporting the following env vars:
AIRFLOW_CTX_DAG_OWNER=sifra
AIRFLOW_CTX_DAG_ID=fetch_clean_elastic
AIRFLOW_CTX_TASK_ID=connect
AIRFLOW_CTX_EXECUTION_DATE=2023-11-27T08:28:40.792863+00:00
AIRFLOW_CTX_TRY_NUMBER=1
AIRFLOW_CTX_DAG_RUN_ID=manual__2023-11-27T08:28:40.792863+00:00
[2023-11-27T08:28:43.065+0000] {python.py:173} INFO - Done. Returned value was: None
[2023-11-27T08:28:43.078+0000] {taskinstance.py:1412} INFO - Marking task as SUCCESS. dag_id=fetch_clean_elastic, task_id=connect, execution_date=20231127T082840, start_date=20231127T082842, end_date=20231127T082843
[2023-11-27T08:28:43.134+0000] {local_task_job.py:156} INFO - Task exited with return code 0
[2023-11-27T08:28:43.162+0000] {local_task_job.py:279} INFO - 1 downstream tasks scheduled from follow-on schedule check
