[2023-11-26T07:59:05.953+0000] {taskinstance.py:1171} INFO - Dependencies all met for <TaskInstance: fetch_clean_elastic.connect manual__2023-11-26T07:58:54.633486+00:00 [queued]>
[2023-11-26T07:59:05.967+0000] {taskinstance.py:1171} INFO - Dependencies all met for <TaskInstance: fetch_clean_elastic.connect manual__2023-11-26T07:58:54.633486+00:00 [queued]>
[2023-11-26T07:59:05.967+0000] {taskinstance.py:1368} INFO - 
--------------------------------------------------------------------------------
[2023-11-26T07:59:05.967+0000] {taskinstance.py:1369} INFO - Starting attempt 1 of 2
[2023-11-26T07:59:05.967+0000] {taskinstance.py:1370} INFO - 
--------------------------------------------------------------------------------
[2023-11-26T07:59:05.974+0000] {taskinstance.py:1389} INFO - Executing <Task(PythonOperator): connect> on 2023-11-26 07:58:54.633486+00:00
[2023-11-26T07:59:05.994+0000] {standard_task_runner.py:52} INFO - Started process 202 to run task
[2023-11-26T07:59:06.001+0000] {standard_task_runner.py:79} INFO - Running: ['***', 'tasks', 'run', 'fetch_clean_elastic', 'connect', 'manual__2023-11-26T07:58:54.633486+00:00', '--job-id', '2', '--raw', '--subdir', 'DAGS_FOLDER/P2M3_Sifra_Siregar_DAG.py', '--cfg-path', '/tmp/tmpgfgq9zl7', '--error-file', '/tmp/tmpt0cx5wug']
[2023-11-26T07:59:06.004+0000] {standard_task_runner.py:80} INFO - Job 2: Subtask connect
[2023-11-26T07:59:06.047+0000] {task_command.py:371} INFO - Running <TaskInstance: fetch_clean_elastic.connect manual__2023-11-26T07:58:54.633486+00:00 [running]> on host 40dd45f23f66
[2023-11-26T07:59:06.096+0000] {taskinstance.py:1583} INFO - Exporting the following env vars:
AIRFLOW_CTX_DAG_OWNER=sifra
AIRFLOW_CTX_DAG_ID=fetch_clean_elastic
AIRFLOW_CTX_TASK_ID=connect
AIRFLOW_CTX_EXECUTION_DATE=2023-11-26T07:58:54.633486+00:00
AIRFLOW_CTX_TRY_NUMBER=1
AIRFLOW_CTX_DAG_RUN_ID=manual__2023-11-26T07:58:54.633486+00:00
[2023-11-26T07:59:06.686+0000] {python.py:173} INFO - Done. Returned value was: None
[2023-11-26T07:59:06.701+0000] {taskinstance.py:1412} INFO - Marking task as SUCCESS. dag_id=fetch_clean_elastic, task_id=connect, execution_date=20231126T075854, start_date=20231126T075905, end_date=20231126T075906
[2023-11-26T07:59:06.722+0000] {local_task_job.py:156} INFO - Task exited with return code 0
[2023-11-26T07:59:06.761+0000] {local_task_job.py:279} INFO - 1 downstream tasks scheduled from follow-on schedule check
