[2023-11-26T07:41:45.177+0000] {taskinstance.py:1171} INFO - Dependencies all met for <TaskInstance: fetch_clean_elastic.clean_data manual__2023-11-26T07:38:37.714775+00:00 [queued]>
[2023-11-26T07:41:45.183+0000] {taskinstance.py:1171} INFO - Dependencies all met for <TaskInstance: fetch_clean_elastic.clean_data manual__2023-11-26T07:38:37.714775+00:00 [queued]>
[2023-11-26T07:41:45.183+0000] {taskinstance.py:1368} INFO - 
--------------------------------------------------------------------------------
[2023-11-26T07:41:45.183+0000] {taskinstance.py:1369} INFO - Starting attempt 2 of 2
[2023-11-26T07:41:45.183+0000] {taskinstance.py:1370} INFO - 
--------------------------------------------------------------------------------
[2023-11-26T07:41:45.188+0000] {taskinstance.py:1389} INFO - Executing <Task(PythonOperator): clean_data> on 2023-11-26 07:38:37.714775+00:00
[2023-11-26T07:41:45.192+0000] {standard_task_runner.py:52} INFO - Started process 290 to run task
[2023-11-26T07:41:45.194+0000] {standard_task_runner.py:79} INFO - Running: ['***', 'tasks', 'run', 'fetch_clean_elastic', 'clean_data', 'manual__2023-11-26T07:38:37.714775+00:00', '--job-id', '7', '--raw', '--subdir', 'DAGS_FOLDER/P2M3_Sifra_Siregar_DAG.py', '--cfg-path', '/tmp/tmp0sib6708', '--error-file', '/tmp/tmpk68dx9k4']
[2023-11-26T07:41:45.195+0000] {standard_task_runner.py:80} INFO - Job 7: Subtask clean_data
[2023-11-26T07:41:45.231+0000] {task_command.py:371} INFO - Running <TaskInstance: fetch_clean_elastic.clean_data manual__2023-11-26T07:38:37.714775+00:00 [running]> on host 159ad28653d9
[2023-11-26T07:41:45.270+0000] {taskinstance.py:1583} INFO - Exporting the following env vars:
AIRFLOW_CTX_DAG_OWNER=sifra
AIRFLOW_CTX_DAG_ID=fetch_clean_elastic
AIRFLOW_CTX_TASK_ID=clean_data
AIRFLOW_CTX_EXECUTION_DATE=2023-11-26T07:38:37.714775+00:00
AIRFLOW_CTX_TRY_NUMBER=2
AIRFLOW_CTX_DAG_RUN_ID=manual__2023-11-26T07:38:37.714775+00:00
[2023-11-26T07:41:45.456+0000] {python.py:173} INFO - Done. Returned value was: None
[2023-11-26T07:41:45.463+0000] {taskinstance.py:1412} INFO - Marking task as SUCCESS. dag_id=fetch_clean_elastic, task_id=clean_data, execution_date=20231126T073837, start_date=20231126T074145, end_date=20231126T074145
[2023-11-26T07:41:45.498+0000] {local_task_job.py:156} INFO - Task exited with return code 0
[2023-11-26T07:41:45.515+0000] {local_task_job.py:279} INFO - 1 downstream tasks scheduled from follow-on schedule check
